[0m2021.01.28 11:36:48 INFO  Started: Metals version 0.9.10 in workspace '/Users/spark/Documents/Project3/covid-analysis/pj3-bigdata' for client vscode 1.51.1.[0m
[0m2021.01.28 11:37:00 INFO  time: initialize in 12s[0m
[0m2021.01.28 11:37:07 INFO  Attempting to connect to the build server...[0m
Starting the bsp launcher for bloop...
[0m2021.01.28 11:37:08 WARN  no build target for: /Users/spark/Documents/Project3/covid-analysis/pj3-bigdata/build.sbt[0m
Opening a bsp server connection with 'bsp --protocol local --socket /var/folders/lv/3pzzyhsn4r94j719f8bkwcs40000gn/T/bsp-launcher16099134178133135767/bsp.socket'...
Waiting for the bsp connection to come up...
Waiting for the bsp connection to come up...
Waiting for the bsp connection to come up...
[0m[32m[D][0m Waiting for a connection at local:///var/folders/lv/3pzzyhsn4r94j719f8bkwcs40000gn/T/bsp-launcher16099134178133135767/bsp.socket...
The server is listening for incoming connections at local:///var/folders/lv/3pzzyhsn4r94j719f8bkwcs40000gn/T/bsp-launcher16099134178133135767/bsp.socket...
Starting thread that pumps stdin and redirects it to the bsp server...
Starting thread that pumps server stdout and redirects it to the client stdout...
[0m2021.01.28 11:37:21 INFO  tracing is disabled for protocol BSP, to enable tracing of incoming and outgoing JSON messages create an empty file at /Users/spark/Library/Caches/org.scalameta.metals/bsp.trace.json[0m
[0m2021.01.28 11:37:23 INFO  time: connected to build server in 15s[0m
[0m2021.01.28 11:37:23 INFO  Connected to Build server v1.4.6-21-464e4ec4[0m
[0m2021.01.28 11:37:24 ERROR Empty build targets. Expected at least one build target identifier.[0m
[0m2021.01.28 11:37:24 ERROR Empty build targets. Expected at least one build target identifier.[0m
[0m2021.01.28 11:37:24 ERROR Empty build targets. Expected at least one build target identifier.[0m
[0m2021.01.28 11:37:24 INFO  time: imported build in 0.99s[0m
[0m2021.01.28 11:42:16 INFO  no build target: using presentation compiler with only scala-library[0m
[0m2021.01.28 11:42:16 INFO  time: indexed workspace in 4m52s[0m
[0m2021.01.28 11:42:16 WARN  no build target for: /Users/spark/Documents/Project3/covid-analysis/pj3-bigdata/build.sbt[0m
[0m2021.01.28 11:45:30 WARN  Unable to produce semanticdb for /Users/spark/Documents/Project3/covid-analysis/pj3-bigdata/project/build.properties[0m
[0m2021.01.28 11:45:30 WARN  no build target for: /Users/spark/Documents/Project3/covid-analysis/pj3-bigdata/project/plugins.sbt[0m
[0m2021.01.28 11:45:30 WARN  Unable to produce semanticdb for /Users/spark/Documents/Project3/covid-analysis/pj3-bigdata/project/plugins.sbt[0m
[0m2021.01.28 11:45:30 INFO  skipping build import with status 'Requested'[0m
[0m2021.01.28 11:45:30 INFO  skipping build import with status 'Requested'[0m
[0m2021.01.28 11:54:54 INFO  running '/Library/Java/JavaVirtualMachines/amazon-corretto-11.jdk/Contents/Home/bin/java -Djline.terminal=jline.UnsupportedTerminal -Dsbt.log.noformat=true -Dfile.encoding=UTF-8 -jar /var/folders/lv/3pzzyhsn4r94j719f8bkwcs40000gn/T/metals11268063578959435761/sbt-launch.jar -Dbloop.export-jar-classifiers=sources bloopInstall'[0m
[0m2021.01.28 11:54:54 WARN  no build target for: /Users/spark/Documents/Project3/covid-analysis/pj3-bigdata/project/metals.sbt[0m
[0m2021.01.28 11:54:54 WARN  no build target for: /Users/spark/Documents/Project3/covid-analysis/pj3-bigdata/project/project/metals.sbt[0m
[0m2021.01.28 11:54:54 WARN  Unable to produce semanticdb for /Users/spark/Documents/Project3/covid-analysis/pj3-bigdata/project/project/metals.sbt[0m
[0m2021.01.28 11:54:54 WARN  Unable to produce semanticdb for /Users/spark/Documents/Project3/covid-analysis/pj3-bigdata/project/metals.sbt[0m
[0m2021.01.28 11:54:54 INFO  skipping build import with status 'Started'[0m
[0m2021.01.28 11:55:05 INFO  [info] welcome to sbt 1.4.4 (Amazon.com Inc. Java 11.0.3)[0m
[0m2021.01.28 11:55:07 WARN  no build target for: /Users/spark/Documents/Project3/covid-analysis/pj3-bigdata/project/metals.sbt[0m
[0m2021.01.28 11:55:07 WARN  Unable to produce semanticdb for /Users/spark/Documents/Project3/covid-analysis/pj3-bigdata/project/metals.sbt[0m
[0m2021.01.28 11:55:07 INFO  skipping build import with status 'Started'[0m
[0m2021.01.28 11:55:15 INFO  [info] loading settings for project pj3-bigdata-build-build-build from metals.sbt ...[0m
[0m2021.01.28 11:55:16 WARN  no build target for: /Users/spark/Documents/Project3/covid-analysis/pj3-bigdata/project/project/metals.sbt[0m
[0m2021.01.28 11:55:16 WARN  Unable to produce semanticdb for /Users/spark/Documents/Project3/covid-analysis/pj3-bigdata/project/project/metals.sbt[0m
[0m2021.01.28 11:55:17 INFO  [info] loading project definition from /Users/spark/Documents/Project3/covid-analysis/pj3-bigdata/project/project/project[0m
[0m2021.01.28 11:55:21 INFO  skipping build import with status 'Started'[0m
[0m2021.01.28 11:55:24 INFO  [info] loading settings for project pj3-bigdata-build-build from metals.sbt ...[0m
[0m2021.01.28 11:55:24 INFO  [info] loading project definition from /Users/spark/Documents/Project3/covid-analysis/pj3-bigdata/project/project[0m
[0m2021.01.28 11:55:28 INFO  [success] Generated .bloop/pj3-bigdata-build-build.json[0m
[0m2021.01.28 11:55:28 INFO  [success] Total time: 4 s, completed Jan 28, 2021, 11:55:29 AM[0m
[0m2021.01.28 11:55:30 INFO  [info] loading settings for project pj3-bigdata-build from metals.sbt,plugins.sbt ...[0m
[0m2021.01.28 11:55:30 INFO  [info] loading project definition from /Users/spark/Documents/Project3/covid-analysis/pj3-bigdata/project[0m
[0m2021.01.28 11:55:33 INFO  [success] Generated .bloop/pj3-bigdata-build.json[0m
[0m2021.01.28 11:55:33 INFO  [success] Total time: 3 s, completed Jan 28, 2021, 11:55:33 AM[0m
[0m2021.01.28 11:55:35 INFO  [info] loading settings for project pj3-bigdata from build.sbt ...[0m
[0m2021.01.28 11:55:35 INFO  [info] set current project to 201005-reston-bigdata (in build file:/Users/spark/Documents/Project3/covid-analysis/pj3-bigdata/)[0m
[0m2021.01.28 11:55:57 INFO  [warn] There may be incompatibilities among your library dependencies; run 'evicted' to see detailed eviction warnings.[0m
[0m2021.01.28 11:55:59 ERROR text document: file:///Users/spark/Documents/Project3/covid-analysis/pj3-bigdata/src/main/scala/green/Q4/Question4.scala
java.util.concurrent.CancellationException
	at java.util.concurrent.CompletableFuture.cancel(CompletableFuture.java:2396)
	at scala.meta.internal.pc.CompilerAccess.$anonfun$onCompilerJobQueue$4(CompilerAccess.scala:217)
	at scala.meta.internal.pc.CompilerAccess.$anonfun$onCompilerJobQueue$4$adapted(CompilerAccess.scala:214)
	at java.util.concurrent.FutureTask.run(FutureTask.java:264)
	at java.util.concurrent.ScheduledThreadPoolExecutor$ScheduledFutureTask.run(ScheduledThreadPoolExecutor.java:304)
	at java.util.concurrent.ThreadPoolExecutor.runWorker(ThreadPoolExecutor.java:1128)
	at java.util.concurrent.ThreadPoolExecutor$Worker.run(ThreadPoolExecutor.java:628)
	at java.lang.Thread.run(Thread.java:834)
[0m
[0m2021.01.28 11:55:59 WARN  no build target for: /Users/spark/Documents/Project3/covid-analysis/pj3-bigdata/src/main/scala/green/Q4/Question4.scala[0m
[0m2021.01.28 11:56:06 INFO  [warn] There may be incompatibilities among your library dependencies; run 'evicted' to see detailed eviction warnings.[0m
[0m2021.01.28 11:56:06 INFO  [success] Generated .bloop/pj3-bigdata-test.json[0m
[0m2021.01.28 11:56:06 INFO  [success] Generated .bloop/pj3-bigdata.json[0m
[0m2021.01.28 11:56:07 INFO  [success] Total time: 31 s, completed Jan 28, 2021, 11:56:07 AM[0m
[0m2021.01.28 11:56:07 INFO  sbt bloopInstall exit: 0[0m
[0m2021.01.28 11:56:07 INFO  time: ran 'sbt bloopInstall' in 1m13s[0m
[0m2021.01.28 11:56:07 INFO  Disconnecting from Bloop session...[0m
[0m2021.01.28 11:56:07 INFO  Shut down connection with build server.[0m
No more data in the client stdin, exiting...
[0m2021.01.28 11:56:08 INFO  Attempting to connect to the build server...[0m
Starting the bsp launcher for bloop...
Opening a bsp server connection with 'bsp --protocol local --socket /var/folders/lv/3pzzyhsn4r94j719f8bkwcs40000gn/T/bsp-launcher12342001325992153905/bsp.socket'...
Waiting for the bsp connection to come up...
No more data in the server stdin, exiting...
No more data in the server stdin, exiting...
[0m[32m[D][0m Loading 2 projects from '/Users/spark/Documents/Project3/covid-analysis/pj3-bigdata/.bloop'...
[0m[32m[D][0m Loading project from '/Users/spark/Documents/Project3/covid-analysis/pj3-bigdata/.bloop/pj3-bigdata.json'
[0m[32m[D][0m Loading project from '/Users/spark/Documents/Project3/covid-analysis/pj3-bigdata/.bloop/pj3-bigdata-test.json'
[0m[32m[D][0m Waiting for a connection at local:///var/folders/lv/3pzzyhsn4r94j719f8bkwcs40000gn/T/bsp-launcher12342001325992153905/bsp.socket...
The server is listening for incoming connections at local:///var/folders/lv/3pzzyhsn4r94j719f8bkwcs40000gn/T/bsp-launcher12342001325992153905/bsp.socket...
Starting thread that pumps stdin and redirects it to the bsp server...
Starting thread that pumps server stdout and redirects it to the client stdout...
[0m2021.01.28 11:56:08 INFO  tracing is disabled for protocol BSP, to enable tracing of incoming and outgoing JSON messages create an empty file at /Users/spark/Library/Caches/org.scalameta.metals/bsp.trace.json[0m
[0m2021.01.28 11:56:09 INFO  Attempting to connect to the build server...[0m
Starting the bsp launcher for bloop...
Opening a bsp server connection with 'bsp --protocol local --socket /var/folders/lv/3pzzyhsn4r94j719f8bkwcs40000gn/T/bsp-launcher8889693614262641223/bsp.socket'...
[0m2021.01.28 11:56:09 INFO  Attempting to connect to the build server...[0m
Waiting for the bsp connection to come up...
Starting the bsp launcher for bloop...
Opening a bsp server connection with 'bsp --protocol local --socket /var/folders/lv/3pzzyhsn4r94j719f8bkwcs40000gn/T/bsp-launcher13828621849685389643/bsp.socket'...
Waiting for the bsp connection to come up...
[0m[32m[D][0m Loading workspace settings from bloop.settings.json
[0m[32m[D][0m Waiting for a connection at local:///var/folders/lv/3pzzyhsn4r94j719f8bkwcs40000gn/T/bsp-launcher13828621849685389643/bsp.socket...
The server is listening for incoming connections at local:///var/folders/lv/3pzzyhsn4r94j719f8bkwcs40000gn/T/bsp-launcher13828621849685389643/bsp.socket...
Starting thread that pumps stdin and redirects it to the bsp server...
Starting thread that pumps server stdout and redirects it to the client stdout...
[0m2021.01.28 11:56:09 INFO  tracing is disabled for protocol BSP, to enable tracing of incoming and outgoing JSON messages create an empty file at /Users/spark/Library/Caches/org.scalameta.metals/bsp.trace.json[0m
[0m[32m[D][0m Loading workspace settings from bloop.settings.json
[0m[32m[D][0m Waiting for a connection at local:///var/folders/lv/3pzzyhsn4r94j719f8bkwcs40000gn/T/bsp-launcher8889693614262641223/bsp.socket...
The server is listening for incoming connections at local:///var/folders/lv/3pzzyhsn4r94j719f8bkwcs40000gn/T/bsp-launcher8889693614262641223/bsp.socket...
Starting thread that pumps stdin and redirects it to the bsp server...
Starting thread that pumps server stdout and redirects it to the client stdout...
[0m2021.01.28 11:56:09 INFO  tracing is disabled for protocol BSP, to enable tracing of incoming and outgoing JSON messages create an empty file at /Users/spark/Library/Caches/org.scalameta.metals/bsp.trace.json[0m
[0m2021.01.28 11:56:09 INFO  time: connected to build server in 1.45s[0m
[0m2021.01.28 11:56:09 INFO  Connected to Build server v1.4.6-21-464e4ec4[0m
[0m2021.01.28 11:56:09 INFO  time: imported build in 0.33s[0m
Jan 28, 2021 11:56:22 AM org.eclipse.lsp4j.jsonrpc.RemoteEndpoint handleCancellation
WARNING: Unmatched cancel notification for request id 9
Jan 28, 2021 11:56:22 AM org.eclipse.lsp4j.jsonrpc.RemoteEndpoint handleCancellation
WARNING: Unmatched cancel notification for request id 6
Jan 28, 2021 11:56:22 AM org.eclipse.lsp4j.jsonrpc.RemoteEndpoint handleCancellation
WARNING: Unmatched cancel notification for request id 11
[0m2021.01.28 11:56:23 INFO  compiling pj3-bigdata (27 scala sources)[0m
[0m2021.01.28 11:57:29 INFO  time: indexed workspace in 1m19s[0m
[0m2021.01.28 11:58:08 WARN  there were 6 feature warnings; re-run with -feature for details[0m
[0m2021.01.28 11:58:10 INFO  time: compiled pj3-bigdata in 1m46s[0m
Jan 28, 2021 2:12:04 PM org.eclipse.lsp4j.jsonrpc.services.GenericEndpoint notify
INFO: Unsupported notification method: $/setTraceNotification
Jan 28, 2021 2:16:39 PM org.eclipse.lsp4j.jsonrpc.RemoteEndpoint handleCancellation
WARNING: Unmatched cancel notification for request id 22
[0m2021.01.28 14:16:55 INFO  compiling pj3-bigdata (1 scala source)[0m
[0m2021.01.28 14:17:05 INFO  time: compiled pj3-bigdata in 10s[0m
[0m2021.01.28 14:17:30 INFO  compiling pj3-bigdata (1 scala source)[0m
[0m2021.01.28 14:17:34 INFO  time: compiled pj3-bigdata in 3.6s[0m
[0m2021.01.28 14:19:23 INFO  compiling pj3-bigdata (1 scala source)[0m
[0m2021.01.28 14:19:30 INFO  time: compiled pj3-bigdata in 6.73s[0m
[0m2021.01.28 14:21:39 INFO  compiling pj3-bigdata (1 scala source)[0m
Jan 28, 2021 2:21:42 PM org.eclipse.lsp4j.jsonrpc.RemoteEndpoint handleCancellation
WARNING: Unmatched cancel notification for request id 165
[0m2021.01.28 14:21:42 INFO  time: compiled pj3-bigdata in 2.89s[0m
[0m2021.01.28 14:21:42 INFO  compiling pj3-bigdata (1 scala source)[0m
[0m2021.01.28 14:21:42 INFO  time: compiled pj3-bigdata in 0.79s[0m
[0m2021.01.28 14:21:47 INFO  compiling pj3-bigdata (1 scala source)[0m
[0m2021.01.28 14:21:50 INFO  time: compiled pj3-bigdata in 3.4s[0m
[0m2021.01.28 14:21:56 INFO  compiling pj3-bigdata (1 scala source)[0m
[0m2021.01.28 14:21:57 INFO  time: compiled pj3-bigdata in 1.28s[0m
[0m2021.01.28 14:21:57 INFO  compiling pj3-bigdata (1 scala source)[0m
[0m2021.01.28 14:22:01 INFO  time: compiled pj3-bigdata in 3.55s[0m
[0m2021.01.28 14:22:25 INFO  compiling pj3-bigdata (1 scala source)[0m
[0m2021.01.28 14:22:28 INFO  time: compiled pj3-bigdata in 2.98s[0m
[0m2021.01.28 14:22:28 INFO  compiling pj3-bigdata (1 scala source)[0m
[0m2021.01.28 14:22:30 INFO  time: compiled pj3-bigdata in 1.66s[0m
[0m2021.01.28 14:22:49 INFO  compiling pj3-bigdata (1 scala source)[0m
[0m2021.01.28 14:22:49 INFO  time: compiled pj3-bigdata in 0.37s[0m
[0m2021.01.28 14:22:53 INFO  compiling pj3-bigdata (1 scala source)[0m
[0m2021.01.28 14:22:54 INFO  time: compiled pj3-bigdata in 1.61s[0m
[0m2021.01.28 14:23:14 INFO  compiling pj3-bigdata (1 scala source)[0m
[0m2021.01.28 14:23:14 INFO  time: compiled pj3-bigdata in 0.43s[0m
[0m2021.01.28 14:23:16 INFO  compiling pj3-bigdata (1 scala source)[0m
[0m2021.01.28 14:23:16 INFO  time: compiled pj3-bigdata in 0.16s[0m
[0m2021.01.28 14:23:23 INFO  compiling pj3-bigdata (1 scala source)[0m
[0m2021.01.28 14:24:00 INFO  time: compiled pj3-bigdata in 37s[0m
[0m2021.01.28 14:59:00 INFO  Started: Metals version 0.9.10 in workspace '/Users/spark/Documents/Project3/covid-analysis/pj3-bigdata' for client vscode 1.51.1.[0m
[0m2021.01.28 14:59:02 INFO  time: initialize in 2.78s[0m
[0m2021.01.28 14:59:11 INFO  Attempting to connect to the build server...[0m
Starting the bsp launcher for bloop...
Opening a bsp server connection with 'bsp --protocol local --socket /var/folders/lv/3pzzyhsn4r94j719f8bkwcs40000gn/T/bsp-launcher7124504904531592432/bsp.socket'...
Waiting for the bsp connection to come up...
[0m2021.01.28 14:59:12 INFO  skipping build import with status 'Installed'[0m
Waiting for the bsp connection to come up...
Waiting for the bsp connection to come up...
Waiting for the bsp connection to come up...
Waiting for the bsp connection to come up...
Waiting for the bsp connection to come up...
Waiting for the bsp connection to come up...
Waiting for the bsp connection to come up...
Waiting for the bsp connection to come up...
Waiting for the bsp connection to come up...
Waiting for the bsp connection to come up...
Waiting for the bsp connection to come up...
Waiting for the bsp connection to come up...
Waiting for the bsp connection to come up...
Waiting for the bsp connection to come up...
Waiting for the bsp connection to come up...
Waiting for the bsp connection to come up...
No server running at 127.0.0.1:8212, let's fire one...
Resolving ch.epfl.scala:bloop-frontend_2.12:1.4.6-21-464e4ec4...
Starting bloop server at 127.0.0.1:8212...
Attempting a connection to the server...
Attempting a connection to the server...
Attempting a connection to the server...
Attempting a connection to the server...
Attempting a connection to the server...
Attempting a connection to the server...
Attempting a connection to the server...
Attempting a connection to the server...
Attempting a connection to the server...
Attempting a connection to the server...
Attempting a connection to the server...
Attempting a connection to the server...
Attempting a connection to the server...
Attempting a connection to the server...
Attempting a connection to the server...
Attempting a connection to the server...
Attempting a connection to the server...
Attempting a connection to the server...
[0m[32m[D][0m Loading workspace settings from bloop.settings.json
[0m[32m[D][0m Loading 2 projects from '/Users/spark/Documents/Project3/covid-analysis/pj3-bigdata/.bloop'...
[0m[32m[D][0m Loading project from '/Users/spark/Documents/Project3/covid-analysis/pj3-bigdata/.bloop/pj3-bigdata.json'
[0m[32m[D][0m Loading project from '/Users/spark/Documents/Project3/covid-analysis/pj3-bigdata/.bloop/pj3-bigdata-test.json'
[0m[32m[D][0m Cache miss for scala instance org.scala-lang:scala-compiler:2.12.10.
[0m[32m[D][0m   => /Users/spark/Library/Caches/Coursier/v1/https/repo1.maven.org/maven2/jline/jline/2.14.6/jline-2.14.6.jar
[0m[32m[D][0m   => /Users/spark/Library/Caches/Coursier/v1/https/repo1.maven.org/maven2/org/fusesource/jansi/jansi/1.12/jansi-1.12.jar
[0m[32m[D][0m   => /Users/spark/Library/Caches/Coursier/v1/https/repo1.maven.org/maven2/org/scala-lang/modules/scala-xml_2.12/1.0.6/scala-xml_2.12-1.0.6.jar
[0m[32m[D][0m   => /Users/spark/Library/Caches/Coursier/v1/https/repo1.maven.org/maven2/org/scala-lang/scala-compiler/2.12.10/scala-compiler-2.12.10.jar
[0m[32m[D][0m   => /Users/spark/Library/Caches/Coursier/v1/https/repo1.maven.org/maven2/org/scala-lang/scala-library/2.12.10/scala-library-2.12.10.jar
[0m[32m[D][0m   => /Users/spark/Library/Caches/Coursier/v1/https/repo1.maven.org/maven2/org/scala-lang/scala-reflect/2.12.10/scala-reflect-2.12.10.jar
[0m[32m[D][0m Configured SemanticDB in projects 'pj3-bigdata-test', 'pj3-bigdata'
[0m[32m[D][0m Missing analysis file for project 'pj3-bigdata-test'
[0m[32m[D][0m Loading previous analysis for 'pj3-bigdata' from '/Users/spark/Documents/Project3/covid-analysis/pj3-bigdata/target/streams/compile/bloopAnalysisOut/_global/streams/inc_compile_2.12.zip'.
[0m[32m[D][0m Waiting for a connection at local:///var/folders/lv/3pzzyhsn4r94j719f8bkwcs40000gn/T/bsp-launcher7124504904531592432/bsp.socket...
The server is listening for incoming connections at local:///var/folders/lv/3pzzyhsn4r94j719f8bkwcs40000gn/T/bsp-launcher7124504904531592432/bsp.socket...
Starting thread that pumps stdin and redirects it to the bsp server...
Starting thread that pumps server stdout and redirects it to the client stdout...
[0m2021.01.28 14:59:31 INFO  tracing is disabled for protocol BSP, to enable tracing of incoming and outgoing JSON messages create an empty file at /Users/spark/Library/Caches/org.scalameta.metals/bsp.trace.json[0m
[0m2021.01.28 14:59:31 INFO  Attempting to connect to the build server...[0m
Starting the bsp launcher for bloop...[0m
2021.01.28 14:59:31 INFO  Attempting to connect to the build server...[0m
Opening a bsp server connection with 'bsp --protocol local --socket /var/folders/lv/3pzzyhsn4r94j719f8bkwcs40000gn/T/bsp-launcher6097475357833944274/bsp.socket'...
Starting the bsp launcher for bloop...
Opening a bsp server connection with 'bsp --protocol local --socket /var/folders/lv/3pzzyhsn4r94j719f8bkwcs40000gn/T/bsp-launcher7827203906812447214/bsp.socket'...
Waiting for the bsp connection to come up...
Waiting for the bsp connection to come up...
[0m[32m[D][0m Loading workspace settings from bloop.settings.json
[0m[32m[D][0m Waiting for a connection at local:///var/folders/lv/3pzzyhsn4r94j719f8bkwcs40000gn/T/bsp-launcher7827203906812447214/bsp.socket...
The server is listening for incoming connections at local:///var/folders/lv/3pzzyhsn4r94j719f8bkwcs40000gn/T/bsp-launcher7827203906812447214/bsp.socket...
[0m[32m[D][0m Loading workspace settings from bloop.settings.json
[0m[32m[D][0m Waiting for a connection at local:///var/folders/lv/3pzzyhsn4r94j719f8bkwcs40000gn/T/bsp-launcher6097475357833944274/bsp.socket...
The server is listening for incoming connections at local:///var/folders/lv/3pzzyhsn4r94j719f8bkwcs40000gn/T/bsp-launcher6097475357833944274/bsp.socket...
Starting thread that pumps stdin and redirects it to the bsp server...
Starting thread that pumps stdin and redirects it to the bsp server...
Starting thread that pumps server stdout and redirects it to the client stdout...
Starting thread that pumps server stdout and redirects it to the client stdout...
[0m2021.01.28 14:59:32 INFO  tracing is disabled for protocol BSP, to enable tracing of incoming and outgoing JSON messages create an empty file at /Users/spark/Library/Caches/org.scalameta.metals/bsp.trace.json[0m
[0m2021.01.28 14:59:32 INFO  tracing is disabled for protocol BSP, to enable tracing of incoming and outgoing JSON messages create an empty file at /Users/spark/Library/Caches/org.scalameta.metals/bsp.trace.json[0m
[0m2021.01.28 14:59:32 INFO  time: connected to build server in 20s[0m
[0m2021.01.28 14:59:32 INFO  Connected to Build server v1.4.6-21-464e4ec4[0m
[0m2021.01.28 14:59:32 INFO  time: imported build in 0.5s[0m
[0m2021.01.28 15:03:39 INFO  no build target: using presentation compiler with only scala-library[0m
Jan 28, 2021 3:03:55 PM org.eclipse.lsp4j.jsonrpc.RemoteEndpoint handleCancellation
WARNING: Unmatched cancel notification for request id 2
Jan 28, 2021 3:03:56 PM org.eclipse.lsp4j.jsonrpc.RemoteEndpoint handleCancellation
WARNING: Unmatched cancel notification for request id 5
[0m2021.01.28 15:04:01 INFO  compiling pj3-bigdata (1 scala source)[0m
[0m2021.01.28 15:04:41 INFO  time: compiled pj3-bigdata in 39s[0m
[0m2021.01.28 15:09:03 INFO  time: indexed workspace in 9m31s[0m
[0m2021.01.28 16:01:17 INFO  Deduplicating compilation of pj3-bigdata from bsp client 'Metals 0.9.10' (since 1h 1m 45.125s)[0m
[0m2021.01.28 20:51:05 INFO  compiling pj3-bigdata (1 scala source)[0m
[0m2021.01.28 20:51:16 INFO  compiling pj3-bigdata (1 scala source)[0m
[0m2021.01.28 20:51:22 INFO  time: compiled pj3-bigdata in 5.51s[0m
[0m2021.01.28 21:05:02 INFO  compiling pj3-bigdata (1 scala source)[0m
[0m2021.01.28 21:05:10 INFO  time: compiled pj3-bigdata in 8.34s[0m
[0m2021.01.28 21:05:10 INFO  compiling pj3-bigdata (1 scala source)[0m
[0m2021.01.28 21:05:13 INFO  time: compiled pj3-bigdata in 2.04s[0m
[0m2021.01.28 21:05:13 INFO  compiling pj3-bigdata (1 scala source)[0m
[0m2021.01.28 21:05:18 INFO  time: compiled pj3-bigdata in 4.58s[0m
[0m2021.01.28 21:06:38 INFO  compiling pj3-bigdata (1 scala source)[0m
[0m2021.01.28 21:06:38 INFO  time: compiled pj3-bigdata in 0.74s[0m
[0m2021.01.28 21:06:41 INFO  compiling pj3-bigdata (1 scala source)[0m
[0m2021.01.28 21:06:41 INFO  time: compiled pj3-bigdata in 0.24s[0m
[0m2021.01.28 21:06:45 INFO  compiling pj3-bigdata (1 scala source)[0m
[0m2021.01.28 21:06:45 INFO  time: compiled pj3-bigdata in 0.25s[0m
Jan 28, 2021 9:06:48 PM org.eclipse.lsp4j.jsonrpc.RemoteEndpoint handleCancellation
WARNING: Unmatched cancel notification for request id 201
[0m2021.01.28 21:06:50 INFO  compiling pj3-bigdata (1 scala source)[0m
[0m2021.01.28 21:06:50 INFO  time: compiled pj3-bigdata in 0.14s[0m
[0m2021.01.28 21:06:52 INFO  compiling pj3-bigdata (1 scala source)[0m
[0m2021.01.28 21:06:52 INFO  time: compiled pj3-bigdata in 98ms[0m
[0m2021.01.28 21:06:56 INFO  compiling pj3-bigdata (1 scala source)[0m
[0m2021.01.28 21:06:56 INFO  time: compiled pj3-bigdata in 0.3s[0m
[0m2021.01.28 21:07:08 INFO  compiling pj3-bigdata (1 scala source)[0m
[0m2021.01.28 21:07:08 INFO  time: compiled pj3-bigdata in 0.21s[0m
Jan 28, 2021 9:07:21 PM scala.meta.internal.pc.CompletionProvider expected$1
WARNING: offset 1253, count -1, length 2538
[0m2021.01.28 21:07:23 INFO  compiling pj3-bigdata (1 scala source)[0m
[0m2021.01.28 21:07:23 INFO  time: compiled pj3-bigdata in 0.2s[0m
[0m2021.01.28 21:07:32 INFO  compiling pj3-bigdata (1 scala source)[0m
[0m2021.01.28 21:07:32 INFO  time: compiled pj3-bigdata in 0.22s[0m
[0m2021.01.28 21:07:46 INFO  compiling pj3-bigdata (1 scala source)[0m
[0m2021.01.28 21:07:46 INFO  time: compiled pj3-bigdata in 0.18s[0m
[0m2021.01.28 21:07:57 INFO  compiling pj3-bigdata (1 scala source)[0m
[0m2021.01.28 21:07:57 INFO  time: compiled pj3-bigdata in 0.16s[0m
[0m2021.01.28 21:08:16 INFO  compiling pj3-bigdata (1 scala source)[0m
[0m2021.01.28 21:08:16 INFO  time: compiled pj3-bigdata in 0.35s[0m
[0m2021.01.28 21:09:17 INFO  compiling pj3-bigdata (1 scala source)[0m
[0m2021.01.28 21:09:17 INFO  time: compiled pj3-bigdata in 0.5s[0m
[0m2021.01.28 21:09:33 INFO  compiling pj3-bigdata (1 scala source)[0m
[0m2021.01.28 21:09:33 INFO  time: compiled pj3-bigdata in 0.41s[0m
[0m2021.01.28 21:09:34 INFO  compiling pj3-bigdata (1 scala source)[0m
[0m2021.01.28 21:09:34 INFO  time: compiled pj3-bigdata in 40ms[0m
[0m2021.01.28 21:09:37 INFO  compiling pj3-bigdata (1 scala source)[0m
[0m2021.01.28 21:09:37 INFO  time: compiled pj3-bigdata in 0.17s[0m
[0m2021.01.28 21:10:12 INFO  compiling pj3-bigdata (1 scala source)[0m
[0m2021.01.28 21:10:12 INFO  time: compiled pj3-bigdata in 0.27s[0m
[0m2021.01.28 21:12:10 INFO  compiling pj3-bigdata (1 scala source)[0m
[0m2021.01.28 21:12:14 INFO  time: compiled pj3-bigdata in 3.37s[0m
[0m2021.01.28 21:12:14 INFO  compiling pj3-bigdata (1 scala source)[0m
[0m2021.01.28 21:12:14 INFO  time: compiled pj3-bigdata in 0.58s[0m
[0m2021.01.28 21:12:14 INFO  compiling pj3-bigdata (1 scala source)[0m
[0m2021.01.28 21:12:15 INFO  time: compiled pj3-bigdata in 0.18s[0m
[0m2021.01.28 21:12:29 INFO  compiling pj3-bigdata (1 scala source)[0m
[0m2021.01.28 21:12:32 INFO  time: compiled pj3-bigdata in 2.62s[0m
[0m2021.01.28 21:12:32 INFO  compiling pj3-bigdata (1 scala source)[0m
[0m2021.01.28 21:12:32 INFO  time: compiled pj3-bigdata in 0.68s[0m
[0m2021.01.28 21:12:34 INFO  compiling pj3-bigdata (1 scala source)[0m
[0m2021.01.28 21:12:34 INFO  time: compiled pj3-bigdata in 0.32s[0m
[0m2021.01.28 21:12:38 INFO  compiling pj3-bigdata (1 scala source)[0m
[0m2021.01.28 21:12:38 INFO  time: compiled pj3-bigdata in 0.13s[0m
[0m2021.01.28 21:12:41 INFO  compiling pj3-bigdata (1 scala source)[0m
[0m2021.01.28 21:12:41 INFO  time: compiled pj3-bigdata in 0.16s[0m
[0m2021.01.28 21:12:44 INFO  compiling pj3-bigdata (1 scala source)[0m
[0m2021.01.28 21:12:48 INFO  time: compiled pj3-bigdata in 3.23s[0m
[0m2021.01.28 21:14:08 INFO  compiling pj3-bigdata (1 scala source)[0m
[0m2021.01.28 21:14:08 INFO  time: compiled pj3-bigdata in 0.69s[0m
[0m2021.01.28 21:14:14 INFO  compiling pj3-bigdata (1 scala source)[0m
[0m2021.01.28 21:14:14 INFO  time: compiled pj3-bigdata in 0.93s[0m
[0m2021.01.28 21:14:18 INFO  compiling pj3-bigdata (1 scala source)[0m
[0m2021.01.28 21:14:18 INFO  time: compiled pj3-bigdata in 82ms[0m
[0m2021.01.28 21:14:24 INFO  compiling pj3-bigdata (1 scala source)[0m
[0m2021.01.28 21:14:24 INFO  time: compiled pj3-bigdata in 88ms[0m
[0m2021.01.28 21:14:28 INFO  compiling pj3-bigdata (1 scala source)[0m
[0m2021.01.28 21:14:28 INFO  time: compiled pj3-bigdata in 0.11s[0m
[0m2021.01.28 21:14:32 INFO  compiling pj3-bigdata (1 scala source)[0m
[0m2021.01.28 21:14:32 INFO  time: compiled pj3-bigdata in 0.16s[0m
[0m2021.01.28 21:14:36 INFO  compiling pj3-bigdata (1 scala source)[0m
[0m2021.01.28 21:14:36 INFO  time: compiled pj3-bigdata in 0.14s[0m
[0m2021.01.28 21:14:39 INFO  compiling pj3-bigdata (1 scala source)[0m
[0m2021.01.28 21:14:40 INFO  time: compiled pj3-bigdata in 1.35s[0m
[0m2021.01.28 21:14:47 INFO  compiling pj3-bigdata (1 scala source)[0m
[0m2021.01.28 21:14:48 INFO  time: compiled pj3-bigdata in 1.17s[0m
[0m2021.01.28 21:14:48 INFO  compiling pj3-bigdata (1 scala source)[0m
[0m2021.01.28 21:14:48 INFO  time: compiled pj3-bigdata in 85ms[0m
[0m2021.01.28 21:15:11 INFO  compiling pj3-bigdata (1 scala source)[0m
[0m2021.01.28 21:15:11 INFO  time: compiled pj3-bigdata in 0.41s[0m
[0m2021.01.28 21:15:13 INFO  compiling pj3-bigdata (1 scala source)[0m
[0m2021.01.28 21:15:13 INFO  time: compiled pj3-bigdata in 86ms[0m
[0m2021.01.28 21:15:16 INFO  compiling pj3-bigdata (1 scala source)[0m
[0m2021.01.28 21:15:16 INFO  time: compiled pj3-bigdata in 0.14s[0m
[0m2021.01.28 21:15:27 INFO  compiling pj3-bigdata (1 scala source)[0m
[0m2021.01.28 21:15:27 INFO  time: compiled pj3-bigdata in 0.57s[0m
[0m2021.01.28 21:15:33 INFO  compiling pj3-bigdata (1 scala source)[0m
[0m2021.01.28 21:15:33 INFO  time: compiled pj3-bigdata in 85ms[0m
[0m2021.01.28 21:15:36 INFO  compiling pj3-bigdata (1 scala source)[0m
[0m2021.01.28 21:15:36 INFO  time: compiled pj3-bigdata in 0.14s[0m
[0m2021.01.28 21:15:38 INFO  compiling pj3-bigdata (1 scala source)[0m
[0m2021.01.28 21:15:38 INFO  time: compiled pj3-bigdata in 82ms[0m
[0m2021.01.28 21:15:41 INFO  compiling pj3-bigdata (1 scala source)[0m
[0m2021.01.28 21:15:41 INFO  time: compiled pj3-bigdata in 82ms[0m
[0m2021.01.28 21:15:47 INFO  compiling pj3-bigdata (1 scala source)[0m
[0m2021.01.28 21:15:47 INFO  time: compiled pj3-bigdata in 0.34s[0m
[0m2021.01.28 21:15:51 INFO  compiling pj3-bigdata (1 scala source)[0m
[0m2021.01.28 21:15:51 INFO  time: compiled pj3-bigdata in 86ms[0m
[0m2021.01.28 21:15:53 INFO  compiling pj3-bigdata (1 scala source)[0m
[0m2021.01.28 21:15:56 INFO  time: compiled pj3-bigdata in 2.43s[0m
[0m2021.01.28 21:16:01 INFO  compiling pj3-bigdata (1 scala source)[0m
[0m2021.01.28 21:16:02 INFO  time: compiled pj3-bigdata in 1.31s[0m
[0m2021.01.28 21:18:07 INFO  compiling pj3-bigdata (1 scala source)[0m
[0m2021.01.28 21:18:07 INFO  time: compiled pj3-bigdata in 0.77s[0m
[0m2021.01.28 21:18:10 INFO  compiling pj3-bigdata (1 scala source)[0m
[0m2021.01.28 21:18:10 INFO  time: compiled pj3-bigdata in 0.25s[0m
[0m2021.01.28 21:21:37 INFO  compiling pj3-bigdata (1 scala source)[0m
[0m2021.01.28 21:21:37 INFO  time: compiled pj3-bigdata in 0.53s[0m
[0m2021.01.28 21:21:38 INFO  compiling pj3-bigdata (1 scala source)[0m
[0m2021.01.28 21:21:38 INFO  time: compiled pj3-bigdata in 0.13s[0m
[0m2021.01.28 21:21:47 INFO  compiling pj3-bigdata (1 scala source)[0m
[0m2021.01.28 21:21:47 INFO  time: compiled pj3-bigdata in 0.48s[0m
[0m2021.01.28 21:23:14 INFO  compiling pj3-bigdata (1 scala source)[0m
[0m2021.01.28 21:23:14 INFO  time: compiled pj3-bigdata in 0.3s[0m
[0m2021.01.28 21:23:21 INFO  compiling pj3-bigdata (1 scala source)[0m
[0m2021.01.28 21:23:21 INFO  time: compiled pj3-bigdata in 0.12s[0m
[0m2021.01.28 21:23:22 INFO  /Users/spark/Documents/Project3/covid-analysis/pj3-bigdata/src/main/scala/green/Q5/Question5.scala:36:5: stale bloop error: ')' expected but 'val' found.
    val mostTweetedMonthInOrder = mostTweetedMonth
    ^[0m
[0m2021.01.28 21:23:22 INFO  /Users/spark/Documents/Project3/covid-analysis/pj3-bigdata/src/main/scala/green/Q5/Question5.scala:36:5: stale bloop error: ')' expected but 'val' found.
    val mostTweetedMonthInOrder = mostTweetedMonth
    ^[0m
[0m2021.01.28 21:23:24 INFO  compiling pj3-bigdata (1 scala source)[0m
[0m2021.01.28 21:23:24 INFO  time: compiled pj3-bigdata in 0.73s[0m
[0m2021.01.28 21:23:31 INFO  compiling pj3-bigdata (1 scala source)[0m
[0m2021.01.28 21:23:31 INFO  time: compiled pj3-bigdata in 68ms[0m
[0m2021.01.28 21:23:31 INFO  compiling pj3-bigdata (1 scala source)[0m
[0m2021.01.28 21:23:32 INFO  time: compiled pj3-bigdata in 37ms[0m
[0m2021.01.28 21:23:35 INFO  compiling pj3-bigdata (1 scala source)[0m
[0m2021.01.28 21:23:35 INFO  time: compiled pj3-bigdata in 0.13s[0m
[0m2021.01.28 21:23:38 INFO  compiling pj3-bigdata (1 scala source)[0m
[0m2021.01.28 21:23:38 INFO  time: compiled pj3-bigdata in 98ms[0m
[0m2021.01.28 21:23:40 INFO  compiling pj3-bigdata (1 scala source)[0m
[0m2021.01.28 21:23:40 INFO  time: compiled pj3-bigdata in 0.37s[0m
[0m2021.01.28 21:23:46 INFO  compiling pj3-bigdata (1 scala source)[0m
[0m2021.01.28 21:23:46 INFO  time: compiled pj3-bigdata in 0.14s[0m
[0m2021.01.28 21:23:56 INFO  compiling pj3-bigdata (1 scala source)[0m
[0m2021.01.28 21:23:56 INFO  time: compiled pj3-bigdata in 0.16s[0m
[0m2021.01.28 21:24:17 INFO  compiling pj3-bigdata (1 scala source)[0m
[0m2021.01.28 21:24:17 INFO  time: compiled pj3-bigdata in 0.55s[0m
[0m2021.01.28 21:24:26 INFO  compiling pj3-bigdata (1 scala source)[0m
[0m2021.01.28 21:24:26 INFO  time: compiled pj3-bigdata in 0.4s[0m
[0m2021.01.28 21:24:27 INFO  compiling pj3-bigdata (1 scala source)[0m
[0m2021.01.28 21:24:27 INFO  time: compiled pj3-bigdata in 0.51s[0m
[0m2021.01.28 21:24:29 INFO  compiling pj3-bigdata (1 scala source)[0m
[0m2021.01.28 21:24:29 INFO  time: compiled pj3-bigdata in 77ms[0m
[0m2021.01.28 21:24:31 INFO  compiling pj3-bigdata (1 scala source)[0m
[0m2021.01.28 21:24:31 INFO  time: compiled pj3-bigdata in 0.16s[0m
[0m2021.01.28 21:24:34 INFO  compiling pj3-bigdata (1 scala source)[0m
[0m2021.01.28 21:24:34 INFO  time: compiled pj3-bigdata in 0.12s[0m
[0m2021.01.28 21:24:39 INFO  compiling pj3-bigdata (1 scala source)[0m
[0m2021.01.28 21:24:39 INFO  time: compiled pj3-bigdata in 0.13s[0m
[0m2021.01.28 21:24:44 INFO  compiling pj3-bigdata (1 scala source)[0m
[0m2021.01.28 21:24:44 INFO  time: compiled pj3-bigdata in 0.24s[0m
[0m2021.01.28 21:24:46 INFO  compiling pj3-bigdata (1 scala source)[0m
[0m2021.01.28 21:24:46 INFO  time: compiled pj3-bigdata in 0.23s[0m
[0m2021.01.28 21:24:49 INFO  compiling pj3-bigdata (1 scala source)[0m
[0m2021.01.28 21:24:49 INFO  time: compiled pj3-bigdata in 0.13s[0m
[0m2021.01.28 21:25:31 INFO  compiling pj3-bigdata (1 scala source)[0m
[0m2021.01.28 21:25:31 INFO  time: compiled pj3-bigdata in 0.29s[0m
[0m2021.01.28 21:25:33 INFO  compiling pj3-bigdata (1 scala source)[0m
[0m2021.01.28 21:25:33 INFO  time: compiled pj3-bigdata in 0.32s[0m
[0m2021.01.28 21:25:40 INFO  compiling pj3-bigdata (1 scala source)[0m
[0m2021.01.28 21:25:40 INFO  time: compiled pj3-bigdata in 0.17s[0m
[0m2021.01.28 21:25:41 INFO  compiling pj3-bigdata (1 scala source)[0m
[0m2021.01.28 21:25:41 INFO  time: compiled pj3-bigdata in 0.28s[0m
[0m2021.01.28 21:25:44 INFO  compiling pj3-bigdata (1 scala source)[0m
[0m2021.01.28 21:25:44 INFO  time: compiled pj3-bigdata in 0.17s[0m
[0m2021.01.28 21:25:53 INFO  compiling pj3-bigdata (1 scala source)[0m
[0m2021.01.28 21:25:53 INFO  time: compiled pj3-bigdata in 0.37s[0m
[0m2021.01.28 21:26:26 INFO  compiling pj3-bigdata (1 scala source)[0m
[0m2021.01.28 21:26:26 INFO  time: compiled pj3-bigdata in 0.29s[0m
[0m2021.01.28 21:26:32 INFO  compiling pj3-bigdata (1 scala source)[0m
[0m2021.01.28 21:26:34 INFO  time: compiled pj3-bigdata in 1.2s[0m
[0m2021.01.28 21:28:28 INFO  compiling pj3-bigdata (1 scala source)[0m
[0m2021.01.28 21:28:30 INFO  time: compiled pj3-bigdata in 1.96s[0m
[0m2021.01.28 21:28:32 INFO  compiling pj3-bigdata (1 scala source)[0m
[0m2021.01.28 21:28:32 INFO  time: compiled pj3-bigdata in 0.94s[0m
[0m2021.01.28 21:28:37 INFO  compiling pj3-bigdata (1 scala source)[0m
[0m2021.01.28 21:28:38 INFO  time: compiled pj3-bigdata in 1.49s[0m
Jan 28, 2021 9:28:45 PM org.eclipse.lsp4j.jsonrpc.RemoteEndpoint handleCancellation
WARNING: Unmatched cancel notification for request id 1087
[0m2021.01.28 21:28:49 INFO  compiling pj3-bigdata (1 scala source)[0m
[0m2021.01.28 21:28:49 INFO  time: compiled pj3-bigdata in 0.13s[0m
[0m2021.01.28 21:28:52 INFO  compiling pj3-bigdata (1 scala source)[0m
[0m2021.01.28 21:28:52 INFO  time: compiled pj3-bigdata in 0.85s[0m
[0m2021.01.28 21:28:57 INFO  compiling pj3-bigdata (1 scala source)[0m
[0m2021.01.28 21:28:59 INFO  time: compiled pj3-bigdata in 1.34s[0m
[0m2021.01.28 21:28:59 INFO  compiling pj3-bigdata (1 scala source)[0m
[0m2021.01.28 21:29:00 INFO  time: compiled pj3-bigdata in 0.42s[0m
[0m2021.01.28 21:29:33 INFO  compiling pj3-bigdata (1 scala source)[0m
[0m2021.01.28 21:29:39 INFO  time: compiled pj3-bigdata in 5.82s[0m
[0m2021.01.28 21:29:41 INFO  compiling pj3-bigdata (1 scala source)[0m
[0m2021.01.28 21:29:41 INFO  time: compiled pj3-bigdata in 0.91s[0m
[0m2021.01.28 21:30:14 INFO  compiling pj3-bigdata (1 scala source)[0m
[0m2021.01.28 21:30:18 INFO  time: compiled pj3-bigdata in 4.05s[0m
[0m2021.01.28 21:30:18 INFO  compiling pj3-bigdata (1 scala source)[0m
[0m2021.01.28 21:30:20 INFO  time: compiled pj3-bigdata in 0.42s[0m
[0m2021.01.28 21:30:22 INFO  compiling pj3-bigdata (1 scala source)[0m
[0m2021.01.28 21:30:22 INFO  time: compiled pj3-bigdata in 0.86s[0m
[0m2021.01.28 21:30:46 INFO  compiling pj3-bigdata (1 scala source)[0m
[0m2021.01.28 21:30:49 INFO  time: compiled pj3-bigdata in 2.31s[0m
[0m2021.01.28 21:30:53 INFO  compiling pj3-bigdata (1 scala source)[0m
[0m2021.01.28 21:30:55 INFO  time: compiled pj3-bigdata in 1.9s[0m
[0m2021.01.28 21:30:56 INFO  compiling pj3-bigdata (1 scala source)[0m
[0m2021.01.28 21:30:56 INFO  time: compiled pj3-bigdata in 0.76s[0m
[0m2021.01.28 21:31:27 INFO  compiling pj3-bigdata (1 scala source)[0m
[0m2021.01.28 21:31:27 INFO  time: compiled pj3-bigdata in 0.2s[0m
[0m2021.01.28 21:31:33 INFO  compiling pj3-bigdata (1 scala source)[0m
[0m2021.01.28 21:31:33 INFO  time: compiled pj3-bigdata in 0.4s[0m
[0m2021.01.28 21:31:36 INFO  compiling pj3-bigdata (1 scala source)[0m
[0m2021.01.28 21:31:36 INFO  time: compiled pj3-bigdata in 0.13s[0m
[0m2021.01.28 21:31:45 INFO  compiling pj3-bigdata (1 scala source)[0m
[0m2021.01.28 21:31:45 INFO  time: compiled pj3-bigdata in 0.25s[0m
[0m2021.01.28 21:31:51 INFO  compiling pj3-bigdata (1 scala source)[0m
[0m2021.01.28 21:31:51 INFO  time: compiled pj3-bigdata in 0.36s[0m
[0m2021.01.28 21:31:55 INFO  compiling pj3-bigdata (1 scala source)[0m
[0m2021.01.28 21:31:55 INFO  time: compiled pj3-bigdata in 0.12s[0m
[0m2021.01.28 21:31:59 INFO  /Users/spark/Documents/Project3/covid-analysis/pj3-bigdata/src/main/scala/green/Q5/Question5.scala:66:19: stale bloop error: not found: value date
      .filter(col(date))
                  ^^^^[0m
[0m2021.01.28 21:31:59 INFO  /Users/spark/Documents/Project3/covid-analysis/pj3-bigdata/src/main/scala/green/Q5/Question5.scala:66:19: stale bloop error: not found: value date
      .filter(col(date))
                  ^^^^[0m
[0m2021.01.28 21:32:00 INFO  /Users/spark/Documents/Project3/covid-analysis/pj3-bigdata/src/main/scala/green/Q5/Question5.scala:66:19: stale bloop error: not found: value date
      .filter(col(date))
                  ^^^^[0m
[0m2021.01.28 21:32:00 INFO  compiling pj3-bigdata (1 scala source)[0m
[0m2021.01.28 21:32:00 INFO  /Users/spark/Documents/Project3/covid-analysis/pj3-bigdata/src/main/scala/green/Q5/Question5.scala:66:19: stale bloop error: unclosed string literal
      .filter(col("date))
                  ^[0m
[0m2021.01.28 21:32:00 INFO  /Users/spark/Documents/Project3/covid-analysis/pj3-bigdata/src/main/scala/green/Q5/Question5.scala:66:19: stale bloop error: unclosed string literal
      .filter(col("date))
                  ^[0m
[0m2021.01.28 21:32:00 INFO  /Users/spark/Documents/Project3/covid-analysis/pj3-bigdata/src/main/scala/green/Q5/Question5.scala:69:3: stale bloop error: ')' expected but '}' found.
  }
  ^[0m
[0m2021.01.28 21:32:00 INFO  time: compiled pj3-bigdata in 0.15s[0m
[0m2021.01.28 21:32:00 INFO  /Users/spark/Documents/Project3/covid-analysis/pj3-bigdata/src/main/scala/green/Q5/Question5.scala:66:19: stale bloop error: unclosed string literal
      .filter(col("date))
                  ^[0m
[0m2021.01.28 21:32:00 INFO  /Users/spark/Documents/Project3/covid-analysis/pj3-bigdata/src/main/scala/green/Q5/Question5.scala:69:3: stale bloop error: ')' expected but '}' found.
  }
  ^[0m
[0m2021.01.28 21:32:00 INFO  /Users/spark/Documents/Project3/covid-analysis/pj3-bigdata/src/main/scala/green/Q5/Question5.scala:66:19: stale bloop error: unclosed string literal
      .filter(col("date))
                  ^[0m
[0m2021.01.28 21:32:00 INFO  /Users/spark/Documents/Project3/covid-analysis/pj3-bigdata/src/main/scala/green/Q5/Question5.scala:69:3: stale bloop error: ')' expected but '}' found.
  }
  ^[0m
[0m2021.01.28 21:32:02 INFO  compiling pj3-bigdata (1 scala source)[0m
[0m2021.01.28 21:32:03 INFO  time: compiled pj3-bigdata in 1.33s[0m
[0m2021.01.28 21:32:05 INFO  compiling pj3-bigdata (1 scala source)[0m
[0m2021.01.28 21:32:05 INFO  time: compiled pj3-bigdata in 0.14s[0m
[0m2021.01.28 21:32:12 INFO  compiling pj3-bigdata (1 scala source)[0m
[0m2021.01.28 21:32:12 INFO  time: compiled pj3-bigdata in 0.38s[0m
[0m2021.01.28 21:32:17 INFO  compiling pj3-bigdata (1 scala source)[0m
[0m2021.01.28 21:32:18 INFO  time: compiled pj3-bigdata in 1.19s[0m
[0m2021.01.28 21:33:07 INFO  compiling pj3-bigdata (1 scala source)[0m
[0m2021.01.28 21:33:07 INFO  time: compiled pj3-bigdata in 0.27s[0m
[0m2021.01.28 21:33:11 INFO  compiling pj3-bigdata (1 scala source)[0m
[0m2021.01.28 21:33:12 INFO  time: compiled pj3-bigdata in 1.15s[0m
[0m2021.01.28 21:33:14 INFO  compiling pj3-bigdata (1 scala source)[0m
[0m2021.01.28 21:33:14 INFO  time: compiled pj3-bigdata in 0.17s[0m
Jan 28, 2021 9:33:16 PM org.eclipse.lsp4j.jsonrpc.RemoteEndpoint fallbackResponseError
SEVERE: Internal error: java.lang.InterruptedException
java.util.concurrent.CompletionException: java.lang.InterruptedException
	at java.base/java.util.concurrent.CompletableFuture.encodeThrowable(CompletableFuture.java:314)
	at java.base/java.util.concurrent.CompletableFuture.completeThrowable(CompletableFuture.java:319)
	at java.base/java.util.concurrent.CompletableFuture$UniAccept.tryFire(CompletableFuture.java:718)
	at java.base/java.util.concurrent.CompletableFuture.postComplete(CompletableFuture.java:506)
	at java.base/java.util.concurrent.CompletableFuture.complete(CompletableFuture.java:2073)
	at scala.meta.internal.metals.CancelTokens$.$anonfun$future$1(CancelTokens.scala:42)
	at scala.meta.internal.metals.CancelTokens$.$anonfun$future$1$adapted(CancelTokens.scala:38)
	at scala.concurrent.impl.CallbackRunnable.run(Promise.scala:64)
	at java.base/java.util.concurrent.ThreadPoolExecutor.runWorker(ThreadPoolExecutor.java:1128)
	at java.base/java.util.concurrent.ThreadPoolExecutor$Worker.run(ThreadPoolExecutor.java:628)
	at java.base/java.lang.Thread.run(Thread.java:834)
Caused by: java.lang.InterruptedException
	at scala.meta.internal.metals.FutureCancelToken.checkCanceled(FutureCancelToken.scala:29)
	at scala.meta.pc.VirtualFileParams.checkCanceled(VirtualFileParams.java:25)
	at scala.meta.internal.pc.CompletionProvider.$anonfun$completions$1(CompletionProvider.scala:76)
	at scala.collection.Iterator$$anon$10.next(Iterator.scala:459)
	at scala.collection.Iterator.toStream(Iterator.scala:1415)
	at scala.collection.Iterator.toStream$(Iterator.scala:1414)
	at scala.collection.AbstractIterator.toStream(Iterator.scala:1429)
	at scala.collection.Iterator.$anonfun$toStream$1(Iterator.scala:1415)
	at scala.collection.immutable.Stream$Cons.tail(Stream.scala:1171)
	at scala.collection.immutable.Stream$Cons.tail(Stream.scala:1161)
	at scala.collection.immutable.StreamIterator.$anonfun$next$1(Stream.scala:1061)
	at scala.collection.immutable.StreamIterator$LazyCell.v$lzycompute(Stream.scala:1050)
	at scala.collection.immutable.StreamIterator$LazyCell.v(Stream.scala:1050)
	at scala.collection.immutable.StreamIterator.hasNext(Stream.scala:1055)
	at scala.collection.convert.Wrappers$IteratorWrapper.hasNext(Wrappers.scala:31)
	at org.eclipse.lsp4j.jsonrpc.json.adapters.CollectionTypeAdapter.write(CollectionTypeAdapter.java:134)
	at org.eclipse.lsp4j.jsonrpc.json.adapters.CollectionTypeAdapter.write(CollectionTypeAdapter.java:40)
	at com.google.gson.internal.bind.TypeAdapterRuntimeTypeWrapper.write(TypeAdapterRuntimeTypeWrapper.java:69)
	at com.google.gson.internal.bind.ReflectiveTypeAdapterFactory$1.write(ReflectiveTypeAdapterFactory.java:125)
	at com.google.gson.internal.bind.ReflectiveTypeAdapterFactory$Adapter.write(ReflectiveTypeAdapterFactory.java:243)
	at com.google.gson.Gson.toJson(Gson.java:669)
	at org.eclipse.lsp4j.jsonrpc.json.adapters.MessageTypeAdapter.write(MessageTypeAdapter.java:423)
	at org.eclipse.lsp4j.jsonrpc.json.adapters.MessageTypeAdapter.write(MessageTypeAdapter.java:55)
	at com.google.gson.Gson.toJson(Gson.java:669)
	at com.google.gson.Gson.toJson(Gson.java:648)
	at org.eclipse.lsp4j.jsonrpc.json.MessageJsonHandler.serialize(MessageJsonHandler.java:145)
	at org.eclipse.lsp4j.jsonrpc.json.MessageJsonHandler.serialize(MessageJsonHandler.java:140)
	at org.eclipse.lsp4j.jsonrpc.json.StreamMessageConsumer.consume(StreamMessageConsumer.java:59)
	at org.eclipse.lsp4j.jsonrpc.RemoteEndpoint.lambda$handleRequest$1(RemoteEndpoint.java:281)
	at java.base/java.util.concurrent.CompletableFuture$UniAccept.tryFire(CompletableFuture.java:714)
	... 8 more

[0m2021.01.28 21:34:43 INFO  compiling pj3-bigdata (1 scala source)[0m
[0m2021.01.28 21:34:43 INFO  time: compiled pj3-bigdata in 0.39s[0m
[0m2021.01.28 21:34:56 INFO  compiling pj3-bigdata (1 scala source)[0m
[0m2021.01.28 21:34:56 INFO  time: compiled pj3-bigdata in 0.14s[0m
[0m2021.01.28 21:35:12 INFO  compiling pj3-bigdata (1 scala source)[0m
[0m2021.01.28 21:35:12 INFO  time: compiled pj3-bigdata in 0.2s[0m
[0m2021.01.28 21:35:15 INFO  compiling pj3-bigdata (1 scala source)[0m
[0m2021.01.28 21:35:15 INFO  time: compiled pj3-bigdata in 0.15s[0m
[0m2021.01.28 21:35:17 INFO  compiling pj3-bigdata (1 scala source)[0m
[0m2021.01.28 21:35:17 INFO  time: compiled pj3-bigdata in 0.13s[0m
[0m2021.01.28 21:35:25 INFO  compiling pj3-bigdata (1 scala source)[0m
[0m2021.01.28 21:35:25 INFO  time: compiled pj3-bigdata in 0.29s[0m
[0m2021.01.28 21:35:28 INFO  compiling pj3-bigdata (1 scala source)[0m
[0m2021.01.28 21:35:28 INFO  time: compiled pj3-bigdata in 0.11s[0m
[0m2021.01.28 21:35:29 INFO  compiling pj3-bigdata (1 scala source)[0m
[0m2021.01.28 21:35:29 INFO  time: compiled pj3-bigdata in 0.22s[0m
[0m2021.01.28 21:35:40 INFO  compiling pj3-bigdata (1 scala source)[0m
[0m2021.01.28 21:35:40 INFO  time: compiled pj3-bigdata in 0.13s[0m
[0m2021.01.28 21:35:43 INFO  compiling pj3-bigdata (1 scala source)[0m
[0m2021.01.28 21:35:43 INFO  time: compiled pj3-bigdata in 0.26s[0m
[0m2021.01.28 21:35:48 INFO  compiling pj3-bigdata (1 scala source)[0m
[0m2021.01.28 21:35:48 INFO  time: compiled pj3-bigdata in 0.15s[0m
[0m2021.01.28 21:35:50 INFO  compiling pj3-bigdata (1 scala source)[0m
[0m2021.01.28 21:35:50 INFO  time: compiled pj3-bigdata in 0.14s[0m
[0m2021.01.28 21:36:02 INFO  compiling pj3-bigdata (1 scala source)[0m
[0m2021.01.28 21:36:02 INFO  time: compiled pj3-bigdata in 92ms[0m
[0m2021.01.28 21:36:04 INFO  compiling pj3-bigdata (1 scala source)[0m
[0m2021.01.28 21:36:04 INFO  time: compiled pj3-bigdata in 71ms[0m
[0m2021.01.28 21:36:07 INFO  compiling pj3-bigdata (1 scala source)[0m
[0m2021.01.28 21:36:07 INFO  time: compiled pj3-bigdata in 95ms[0m
[0m2021.01.28 21:36:09 INFO  compiling pj3-bigdata (1 scala source)[0m
[0m2021.01.28 21:36:09 INFO  time: compiled pj3-bigdata in 0.13s[0m
[0m2021.01.28 21:36:12 INFO  compiling pj3-bigdata (1 scala source)[0m
[0m2021.01.28 21:36:12 INFO  time: compiled pj3-bigdata in 0.1s[0m
[0m2021.01.28 21:36:59 INFO  compiling pj3-bigdata (1 scala source)[0m
[0m2021.01.28 21:37:00 INFO  time: compiled pj3-bigdata in 1.08s[0m
[0m2021.01.28 21:37:07 INFO  compiling pj3-bigdata (1 scala source)[0m
[0m2021.01.28 21:37:08 INFO  time: compiled pj3-bigdata in 1.43s[0m
Jan 28, 2021 9:37:37 PM org.eclipse.lsp4j.jsonrpc.RemoteEndpoint handleCancellation
WARNING: Unmatched cancel notification for request id 1696
Jan 28, 2021 9:40:45 PM org.eclipse.lsp4j.jsonrpc.RemoteEndpoint handleCancellation
WARNING: Unmatched cancel notification for request id 1734
[0m2021.01.28 21:41:58 INFO  compiling pj3-bigdata (1 scala source)[0m
[0m2021.01.28 21:41:58 INFO  time: compiled pj3-bigdata in 0.85s[0m
[0m2021.01.28 21:42:03 INFO  compiling pj3-bigdata (1 scala source)[0m
[0m2021.01.28 21:42:06 INFO  time: compiled pj3-bigdata in 3.06s[0m
[0m2021.01.28 21:42:23 INFO  compiling pj3-bigdata (1 scala source)[0m
Jan 28, 2021 9:42:24 PM org.eclipse.lsp4j.jsonrpc.RemoteEndpoint handleCancellation
WARNING: Unmatched cancel notification for request id 1780
[0m2021.01.28 21:42:27 INFO  time: compiled pj3-bigdata in 3.6s[0m
